<?xml version="1.0" encoding="UTF-8"?>
<!-- Generated by org.testng.reporters.JUnitXMLReporter -->
<testsuite ignored="0" hostname="DCK" failures="0" tests="3" name="Surefire test" time="61.981" errors="0" timestamp="2024-04-11T17:51:36 EDT">
  <testcase classname="ChaitanyaLearning.StandAloneTest" name="submitOrder" time="15.62"/>
  <testcase classname="ChaitanyaLearning.StandAloneTest" name="submitOrder" time="15.591"/>
  <testcase classname="ChaitanyaLearning.StandAloneTest" name="submitOrderToGetOrders" time="0.947"/>
</testsuite> <!-- Surefire test -->
