<?xml version="1.0" encoding="UTF-8"?>
<!-- Generated by org.testng.reporters.JUnitXMLReporter -->
<testsuite ignored="0" hostname="DCK" failures="0" tests="3" name="Default test" time="62.571" errors="0" timestamp="2024-04-09T14:44:06 EDT">
  <testcase classname="ChaitanyaLearning.StandAloneTest" name="submitOrder" time="15.588"/>
  <testcase classname="ChaitanyaLearning.StandAloneTest" name="submitOrder" time="15.505"/>
  <testcase classname="ChaitanyaLearning.StandAloneTest" name="submitOrderToGetOrders" time="1.014"/>
</testsuite> <!-- Default test -->
