<?xml version="1.0" encoding="UTF-8"?>
<!-- Generated by org.testng.reporters.JUnitXMLReporter -->
<testsuite ignored="0" hostname="DCK" failures="0" tests="3" name="StandAloneTest" time="51.712" errors="0" timestamp="2024-04-11T13:19:48 EDT">
  <testcase classname="ChaitanyaLearning.StandAloneTest" name="submitOrder" time="4.233"/>
  <testcase classname="ChaitanyaLearning.StandAloneTest" name="submitOrder" time="16.249"/>
  <testcase classname="ChaitanyaLearning.StandAloneTest" name="submitOrderToGetOrders" time="0.97"/>
</testsuite> <!-- StandAloneTest -->
