<?xml version="1.0" encoding="UTF-8"?>
<!-- Generated by org.testng.reporters.JUnitXMLReporter -->
<testsuite ignored="1" hostname="DCK" failures="0" tests="1" name="ErrorValidation" time="14.789" errors="0" timestamp="2024-04-16T09:39:49 EDT">
  <testcase classname="ChaitanyaLearning.ErrorValidations" name="submitOrder" time="1.118"/>
  <testcase classname="ChaitanyaLearning.ErrorValidations" name="submitOrderForCart" time="0.0">
    <ignored/>
  </testcase> <!-- submitOrderForCart -->
</testsuite> <!-- ErrorValidation -->
